
> genshin@1.0.0 test
> node ./src/index.js

node:internal/modules/cjs/loader:1093
  throw err;
  ^

Error: Cannot find module '/Users/jerrardpang/Discord RPC/run'
    at Module._resolveFilename (node:internal/modules/cjs/loader:1090:15)
    at Module._load (node:internal/modules/cjs/loader:934:27)
    at Function.executeUserEntryPoint [as runMain] (node:internal/modules/run_main:83:12)
    at node:internal/main/run_main_module:23:47 {
  code: 'MODULE_NOT_FOUND',
  requireStack: []
}

Node.js v19.7.0

> genshin@1.0.0 test
> node ./src/index.js


> genshin@1.0.0 test
> node ./src/index.js


> genshin@1.0.0 test
> node ./src/index.js

